2024-05-06 10:52:06,217 INFO  [Log] login app complete 
2024-05-06 10:52:07,980 INFO  [Log] login app complete 
2024-05-06 10:52:11,760 INFO  [Log] login app complete 
2024-05-06 10:52:13,463 INFO  [Log] open app complete 
2024-05-09 11:10:57,478 INFO  [Log] login app complete 
2024-05-09 11:10:59,154 INFO  [Log] Add complete 
2024-05-09 11:11:02,111 INFO  [Log] Edit complete 
2024-05-09 11:12:05,964 INFO  [Log] login app complete 
2024-05-09 11:12:07,725 INFO  [Log] Add complete 
2024-05-09 11:12:11,590 INFO  [Log] Edit complete 
2024-05-09 11:12:15,005 INFO  [Log] delete complete 
2024-05-09 11:12:16,657 INFO  [Log] open app complete 
2024-05-11 10:36:29,292 INFO  [Log] login app complete 
2024-05-11 10:36:31,001 INFO  [Log] Add complete 
2024-05-11 10:39:12,409 INFO  [Log] login app complete 
2024-05-11 10:39:14,029 INFO  [Log] Add complete 
2024-05-11 10:39:16,948 INFO  [Log] Edit complete 
2024-05-11 10:39:20,399 INFO  [Log] delete complete 
2024-05-11 10:39:22,405 INFO  [Log] open app complete 
2024-05-11 11:10:25,485 INFO  [Log] login app complete 
2024-05-11 11:10:27,322 INFO  [Log] Add complete 
2024-05-11 11:10:30,455 INFO  [Log] Edit complete 
2024-05-11 11:10:34,265 INFO  [Log] delete complete 
2024-05-11 11:10:35,847 INFO  [Log] open app complete 
2024-05-11 11:22:40,803 INFO  [Log] login app complete 
2024-05-11 11:22:42,515 INFO  [Log] Add complete 
2024-05-11 11:39:29,104 INFO  [Log] login app complete 
2024-05-11 11:39:30,690 INFO  [Log] Add complete 
2024-05-11 11:39:33,451 INFO  [Log] Edit complete 
2024-05-11 11:39:37,178 INFO  [Log] delete complete 
2024-05-11 11:39:38,707 INFO  [Log] open app complete 
2024-05-11 11:40:01,533 INFO  [Log] login app complete 
2024-05-11 11:40:03,223 INFO  [Log] Add complete 
2024-05-11 11:40:06,028 INFO  [Log] Edit complete 
